Api-mobile-master/app/build/intermediates/manifest_merge_blame_file/debug/manifest-merger-blame-debug-report.txt
1<?xml version="1.0" encoding="utf-8"?>
2<manifest xmlns:android="http://schemas.android.com/apk/res/android"
3    package="com.example.api"
4    android:versionCode="1"
5    android:versionName="1.0" >
6
7    <uses-sdk
8        android:minSdkVersion="21"
8-->src\main\AndroidManifest.xml
9        android:targetSdkVersion="32" />
9-->src\main\AndroidManifest.xml
10
11    <uses-permission android:name="android.permission.INTERNET" />
11-->src\main\AndroidManifest.xml:5:5-67
11-->src\main\AndroidManifest.xml:5:22-64
12    <uses-permission android:name="android.permission.ACCESS_NETWORK_STATE" />
12-->src\main\AndroidManifest.xml:6:5-79
12-->src\main\AndroidManifest.xml:6:22-76
13
14    <application
14-->src\main\AndroidManifest.xml:8:5-45:19
15        android:allowBackup="true"
15-->src\main\AndroidManifest.xml:9:9-35
16        android:appComponentFactory="androidx.core.app.CoreComponentFactory"
16-->[androidx.core:core:1.7.0] AndroidManifest.xml:24:18-86
17        android:dataExtractionRules="@xml/data_extraction_rules"
17-->src\main\AndroidManifest.xml:10:9-65
18        android:debuggable="true"
19        android:fullBackupContent="@xml/backup_rules"
19-->src\main\AndroidManifest.xml:11:9-54
20        android:icon="@mipmap/ic_launcher"
20-->src\main\AndroidManifest.xml:12:9-43
21        android:label="@string/app_name"
21-->src\main\AndroidManifest.xml:13:9-41
22        android:roundIcon="@mipmap/ic_launcher_round"
22-->src\main\AndroidManifest.xml:14:9-54
23        android:supportsRtl="true"
23-->src\main\AndroidManifest.xml:15:9-35
24        android:testOnly="true"
25        android:theme="@style/Theme.Api" >
25-->src\main\AndroidManifest.xml:16:9-41
26        <activity
26-->src\main\AndroidManifest.xml:18:9-24:20
27            android:name="com.example.api.Delete_upd"
27-->src\main\AndroidManifest.xml:19:13-39
28            android:exported="false" >
28-->src\main\AndroidManifest.xml:20:13-37
29            <meta-data
29-->src\main\AndroidManifest.xml:21:13-23:36
30                android:name="android.app.lib_name"
30-->src\main\AndroidManifest.xml:22:17-52
31                android:value="" />
31-->src\main\AndroidManifest.xml:23:17-33
32        </activity>
33        <activity
33-->src\main\AndroidManifest.xml:25:9-31:20
34            android:name="com.example.api.Add"
34-->src\main\AndroidManifest.xml:26:13-32
35            android:exported="false" >
35-->src\main\AndroidManifest.xml:27:13-37
36            <meta-data
36-->src\main\AndroidManifest.xml:21:13-23:36
37                android:name="android.app.lib_name"
37-->src\main\AndroidManifest.xml:22:17-52
38                android:value="" />
38-->src\main\AndroidManifest.xml:23:17-33
39        </activity>
40        <activity
40-->src\main\AndroidManifest.xml:32:9-44:20
41            android:name="com.example.api.MainActivity"
41-->src\main\AndroidManifest.xml:33:13-41
42            android:exported="true" >
42-->src\main\AndroidManifest.xml:34:13-36
43            <intent-filter>
43-->src\main\AndroidManifest.xml:35:13-39:29
44                <action android:name="android.intent.action.MAIN" />
44-->src\main\AndroidManifest.xml:36:17-69
44-->src\main\AndroidManifest.xml:36:25-66
45
46                <category android:name="android.intent.category.LAUNCHER" />
46-->src\main\AndroidManifest.xml:38:17-77
46-->src\main\AndroidManifest.xml:38:27-74
47            </intent-filter>
48
49            <meta-data
49-->src\main\AndroidManifest.xml:21:13-23:36
50                android:name="android.app.lib_name"
50-->src\main\AndroidManifest.xml:22:17-52
51                android:value="" />
51-->src\main\AndroidManifest.xml:23:17-33
52        </activity>
53
54        <provider
54-->[androidx.emoji2:emoji2:1.0.0] AndroidManifest.xml:26:9-34:20
55            android:name="androidx.startup.InitializationProvider"
55-->[androidx.emoji2:emoji2:1.0.0] AndroidManifest.xml:27:13-67
56            android:authorities="com.example.api.androidx-startup"
56-->[androidx.emoji2:emoji2:1.0.0] AndroidManifest.xml:28:13-68
57            android:exported="false" >
57-->[androidx.emoji2:emoji2:1.0.0] AndroidManifest.xml:29:13-37
58            <meta-data
58-->[androidx.emoji2:emoji2:1.0.0] AndroidManifest.xml:31:13-33:52
59                android:name="androidx.emoji2.text.EmojiCompatInitializer"
59-->[androidx.emoji2:emoji2:1.0.0] AndroidManifest.xml:32:17-75
60                android:value="androidx.startup" />
60-->[androidx.emoji2:emoji2:1.0.0] AndroidManifest.xml:33:17-49
61            <meta-data
61-->[androidx.lifecycle:lifecycle-process:2.4.0] AndroidManifest.xml:31:13-33:52
62                android:name="androidx.lifecycle.ProcessLifecycleInitializer"
62-->[androidx.lifecycle:lifecycle-process:2.4.0] AndroidManifest.xml:32:17-78
63                android:value="androidx.startup" />
63-->[androidx.lifecycle:lifecycle-process:2.4.0] AndroidManifest.xml:33:17-49
64        </provider>
65    </application>
66
67</manifest>